<?xml version="1.0" encoding="UTF-8"?>
<testsuite name="br.com.dio.desafioreactor.Question1Test" tests="1" skipped="0" failures="0" errors="0" timestamp="2025-03-20T00:28:25.921Z" hostname="W4044525" time="0.104">
  <properties/>
  <testcase name="incTest()" classname="br.com.dio.desafioreactor.Question1Test" time="0.104"/>
  <system-out><![CDATA[]]></system-out>
  <system-err><![CDATA[]]></system-err>
</testsuite>
